<?xml version="1.0" encoding="UTF-8"?>
<testng-results skipped="0" failed="0" total="1" passed="1">
  <reporter-output>
  </reporter-output>
  <suite name="Default suite" duration-ms="63860" started-at="2020-12-17T07:50:34Z" finished-at="2020-12-17T07:51:38Z">
    <groups>
    </groups>
    <test name="Default test" duration-ms="63860" started-at="2020-12-17T07:50:34Z" finished-at="2020-12-17T07:51:38Z">
      <class name="org.amazon.Amazon">
        <test-method status="PASS" signature="test1()[pri:0, instance:org.amazon.Amazon@4501b7af]" name="test1" duration-ms="63806" started-at="2020-12-17T13:20:34Z" finished-at="2020-12-17T13:21:38Z">
          <reporter-output>
          </reporter-output>
        </test-method> <!-- test1 -->
      </class> <!-- org.amazon.Amazon -->
    </test> <!-- Default test -->
  </suite> <!-- Default suite -->
</testng-results>
